ISim log file
Running: /home/ise/Practica1/RAM_TEST_isim_beh.exe -intstyle ise -gui -tclbatch isim.cmd -wdb /home/ise/Practica1/RAM_TEST_isim_beh.wdb 
ISim P.20160913 (signature 0xfbc00daa)
----------------------------------------------------------------------
WARNING:Security:42 - Your software subscription period has lapsed. Your current version of Xilinx tools will continue to function, but you no longer qualify for Xilinx software updates or new releases.


----------------------------------------------------------------------
This is a Full version of ISim.
Time resolution is 1 ps
# onerror resume
# wave add /
# run 1000 ns
Simulator is doing circuit initialization process.
Finished circuit initialization process.
# run 1.00us
# run 1.00us
# run 1.00us
# run 1.00us
# run 1.00us
# run 1.00us
# run 1.00us
# run 1.00us
# run 1.00us
# run 1.00us
# run 1.00us
# run 1.00us
# run 1.00us
# run 1.00us
# run 1.00us
# run 1.00us
# run 1.00us
# run 1.00us
# run 1.00us
# run 1.00us
# run 1.00us
# run 1.00us
# run 1.00us
# run 1.00us
# run 1.00us
# run 1.00us
# run 1.00us
# run 1.00us
# run 1.00us
# run all
# run all
# run all
# restart
# restart
# restart
# restart
# run all
Simulator is doing circuit initialization process.
Finished circuit initialization process.
# run 1.00us
# run 1.00us
# run 1.00us
# run 1.00us
ISim P.20160913 (signature 0xfbc00daa)
----------------------------------------------------------------------
WARNING:Security:42 - Your software subscription period has lapsed. Your current version of Xilinx tools will continue to function, but you no longer qualify for Xilinx software updates or new releases.


----------------------------------------------------------------------
This is a Full version of ISim.
# run 1000 ns
Simulator is doing circuit initialization process.
Finished circuit initialization process.
# run 1.00us
# run 1.00us
# run 1.00us
# run 1.00us
# run 1.00us
# run 1.00us
# isim force add /ram_test/address 0001 -radix bin
# isim force add /ram_test/address 0001 -radix bin
# isim force add /ram_test/write_data 0f00 -radix hex
# isim force add /ram_test/write_data 0f00 -radix hex
# run 1.00us
# isim force add /ram_test/address 1111 -radix bin
# isim force add /ram_test/address 1111 -radix bin
# isim force add /ram_test/address 1111 -radix bin
# isim force add /ram_test/write_data abab -radix hex
# run 1.00us
# isim force add /ram_test/rw 1 -radix bin
# isim force add /ram_test/rw 1 -radix bin
# run 1.00us
# run 1.00us
# run 1.00us
# run 1.00us
# run 1.00us
# run 1.00us
# run 1.00us
# run 1.00us
# run 1.00us
# run 1.00us
# run 1.00us
# run 1.00us
# run 1.00us
# isim force add /ram_test/address 0000 -radix bin
# isim force add /ram_test/address 0000 -radix bin
# run 1.00us
# run 1.00us
# isim force add /ram_test/address 0001 -radix bin
# run 1.00us
# exit 0
