Running: /opt/Xilinx/14.7/ISE_DS/ISE/bin/lin64/unwrapped/fuse -intstyle ise -incremental -lib secureip -o /home/ise/MemoriaDeInstruciones/MemoriaDeDatosTestBench_isim_beh.exe -prj /home/ise/MemoriaDeInstruciones/MemoriaDeDatosTestBench_beh.prj work.MemoriaDeDatosTestBench 
ISim P.20160913 (signature 0xfbc00daa)
Number of CPUs detected in this system: 1
Turning on mult-threading, number of parallel sub-compilation jobs: 0 
Determining compilation order of HDL files
Parsing VHDL file "/home/ise/MemoriaDeInstruciones/MemoriaDeInstrucciones1VHDL.vhd" into library work
Parsing VHDL file "/home/ise/MemoriaDeInstruciones/MemoriaDeDatosTestBench.vhd" into library work
Starting static elaboration
Completed static elaboration
Fuse Memory Usage: 112868 KB
Fuse CPU Usage: 1360 ms
Compiling package standard
Compiling package std_logic_1164
Compiling package numeric_std
Compiling package vcomponents
Compiling architecture behavioral of entity MemoriaDeInstrucciones1VHDL [memoriadeinstrucciones1vhdl_defa...]
Compiling architecture behavior of entity memoriadedatostestbench
Time Resolution for simulation is 1ps.
Compiled 7 VHDL Units
Built simulation executable /home/ise/MemoriaDeInstruciones/MemoriaDeDatosTestBench_isim_beh.exe
Fuse Memory Usage: 128232 KB
Fuse CPU Usage: 1440 ms
GCC CPU Usage: 210 ms
